<?xml version="1.0" encoding="UTF-8"?>
<coverage generated="1592563621716" clover="3.2.0">
  <project timestamp="1592563621716" name="All files">
    <metrics statements="27" coveredstatements="23" conditionals="2" coveredconditionals="2" methods="11" coveredmethods="8" elements="40" coveredelements="33" complexity="0" loc="27" ncloc="27" packages="6" files="7" classes="7"/>
    <package name="src">
      <metrics statements="4" coveredstatements="1" conditionals="0" coveredconditionals="0" methods="1" coveredmethods="0"/>
      <file name="const.js" path="/Users/tataurova/Documents/GitHub/910411-six-cities-4/src/const.js">
        <metrics statements="1" coveredstatements="1" conditionals="0" coveredconditionals="0" methods="0" coveredmethods="0"/>
        <line num="1" count="3" type="stmt"/>
      </file>
      <file name="index.js" path="/Users/tataurova/Documents/GitHub/910411-six-cities-4/src/index.js">
        <metrics statements="3" coveredstatements="0" conditionals="0" coveredconditionals="0" methods="1" coveredmethods="0"/>
        <line num="7" count="0" type="stmt"/>
        <line num="8" count="0" type="stmt"/>
        <line num="17" count="0" type="stmt"/>
      </file>
    </package>
    <package name="src.components.app">
      <metrics statements="4" coveredstatements="4" conditionals="0" coveredconditionals="0" methods="2" coveredmethods="1"/>
      <file name="app.jsx" path="/Users/tataurova/Documents/GitHub/910411-six-cities-4/src/components/app/app.jsx">
        <metrics statements="4" coveredstatements="4" conditionals="0" coveredconditionals="0" methods="2" coveredmethods="1"/>
        <line num="5" count="1" type="stmt"/>
        <line num="7" count="1" type="stmt"/>
        <line num="8" count="1" type="stmt"/>
        <line num="17" count="1" type="stmt"/>
      </file>
    </package>
    <package name="src.components.main">
      <metrics statements="3" coveredstatements="3" conditionals="0" coveredconditionals="0" methods="1" coveredmethods="1"/>
      <file name="main.jsx" path="/Users/tataurova/Documents/GitHub/910411-six-cities-4/src/components/main/main.jsx">
        <metrics statements="3" coveredstatements="3" conditionals="0" coveredconditionals="0" methods="1" coveredmethods="1"/>
        <line num="5" count="3" type="stmt"/>
        <line num="6" count="3" type="stmt"/>
        <line num="122" count="3" type="stmt"/>
      </file>
    </package>
    <package name="src.components.place-card">
      <metrics statements="8" coveredstatements="8" conditionals="2" coveredconditionals="2" methods="3" coveredmethods="3"/>
      <file name="place-card.jsx" path="/Users/tataurova/Documents/GitHub/910411-six-cities-4/src/components/place-card/place-card.jsx">
        <metrics statements="8" coveredstatements="8" conditionals="2" coveredconditionals="2" methods="3" coveredmethods="3"/>
        <line num="6" count="14" type="stmt"/>
        <line num="7" count="14" type="stmt"/>
        <line num="11" count="1" type="stmt"/>
        <line num="15" count="14" type="stmt"/>
        <line num="16" count="14" type="stmt"/>
        <line num="17" count="14" type="stmt"/>
        <line num="18" count="14" type="stmt"/>
        <line num="59" count="6" type="stmt"/>
      </file>
    </package>
    <package name="src.components.place-list">
      <metrics statements="8" coveredstatements="7" conditionals="0" coveredconditionals="0" methods="4" coveredmethods="3"/>
      <file name="place-list.js" path="/Users/tataurova/Documents/GitHub/910411-six-cities-4/src/components/place-list/place-list.js">
        <metrics statements="8" coveredstatements="7" conditionals="0" coveredconditionals="0" methods="4" coveredmethods="3"/>
        <line num="7" count="3" type="stmt"/>
        <line num="8" count="3" type="stmt"/>
        <line num="9" count="3" type="stmt"/>
        <line num="13" count="0" type="stmt"/>
        <line num="17" count="3" type="stmt"/>
        <line num="18" count="3" type="stmt"/>
        <line num="21" count="12" type="stmt"/>
        <line num="32" count="4" type="stmt"/>
      </file>
    </package>
    <package name="src.mocks">
      <metrics statements="0" coveredstatements="0" conditionals="0" coveredconditionals="0" methods="0" coveredmethods="0"/>
      <file name="offers.js" path="/Users/tataurova/Documents/GitHub/910411-six-cities-4/src/mocks/offers.js">
        <metrics statements="0" coveredstatements="0" conditionals="0" coveredconditionals="0" methods="0" coveredmethods="0"/>
      </file>
    </package>
  </project>
</coverage>
