<?xml version="1.0" encoding="UTF-8"?>
<coverage generated="1592228448310" clover="3.2.0">
  <project timestamp="1592228448310" name="All files">
    <metrics statements="13" coveredstatements="10" conditionals="0" coveredconditionals="0" methods="5" coveredmethods="3" elements="18" coveredelements="13" complexity="0" loc="13" ncloc="13" packages="3" files="4" classes="4"/>
    <package name="src">
      <metrics statements="5" coveredstatements="2" conditionals="0" coveredconditionals="0" methods="1" coveredmethods="0"/>
      <file name="const.js" path="/Users/tataurova/Documents/GitHub/910411-six-cities-4/src/const.js">
        <metrics statements="2" coveredstatements="2" conditionals="0" coveredconditionals="0" methods="0" coveredmethods="0"/>
        <line num="1" count="3" type="stmt"/>
        <line num="3" count="3" type="stmt"/>
      </file>
      <file name="index.js" path="/Users/tataurova/Documents/GitHub/910411-six-cities-4/src/index.js">
        <metrics statements="3" coveredstatements="0" conditionals="0" coveredconditionals="0" methods="1" coveredmethods="0"/>
        <line num="6" count="0" type="stmt"/>
        <line num="7" count="0" type="stmt"/>
        <line num="16" count="0" type="stmt"/>
      </file>
    </package>
    <package name="src.components.app">
      <metrics statements="4" coveredstatements="4" conditionals="0" coveredconditionals="0" methods="2" coveredmethods="1"/>
      <file name="app.jsx" path="/Users/tataurova/Documents/GitHub/910411-six-cities-4/src/components/app/app.jsx">
        <metrics statements="4" coveredstatements="4" conditionals="0" coveredconditionals="0" methods="2" coveredmethods="1"/>
        <line num="5" count="1" type="stmt"/>
        <line num="8" count="1" type="stmt"/>
        <line num="9" count="1" type="stmt"/>
        <line num="18" count="1" type="stmt"/>
      </file>
    </package>
    <package name="src.components.main">
      <metrics statements="4" coveredstatements="4" conditionals="0" coveredconditionals="0" methods="2" coveredmethods="2"/>
      <file name="main.jsx" path="/Users/tataurova/Documents/GitHub/910411-six-cities-4/src/components/main/main.jsx">
        <metrics statements="4" coveredstatements="4" conditionals="0" coveredconditionals="0" methods="2" coveredmethods="2"/>
        <line num="4" count="3" type="stmt"/>
        <line num="5" count="3" type="stmt"/>
        <line num="106" count="15" type="stmt"/>
        <line num="157" count="3" type="stmt"/>
      </file>
    </package>
  </project>
</coverage>
