{"/Users/tataurova/Documents/GitHub/910411-six-cities-4/src/const.js": {"path":"/Users/tataurova/Documents/GitHub/910411-six-cities-4/src/const.js","statementMap":{"0":{"start":{"line":1,"column":28},"end":{"line":1,"column":31}}},"fnMap":{},"branchMap":{},"s":{"0":3},"f":{},"b":{},"_coverageSchema":"1a1c01bbd47fc00a2c39e90264f33305004495a9","hash":"69c94f193046a83cac9981f277459a76c5afb091"}
,"/Users/tataurova/Documents/GitHub/910411-six-cities-4/src/index.js": {"path":"/Users/tataurova/Documents/GitHub/910411-six-cities-4/src/index.js","statementMap":{"0":{"start":{"line":7,"column":13},"end":{"line":15,"column":1}},"1":{"start":{"line":8,"column":2},"end":{"line":14,"column":4}},"2":{"start":{"line":17,"column":0},"end":{"line":17,"column":7}}},"fnMap":{"0":{"name":"(anonymous_0)","decl":{"start":{"line":7,"column":13},"end":{"line":7,"column":14}},"loc":{"start":{"line":7,"column":19},"end":{"line":15,"column":1}},"line":7}},"branchMap":{},"s":{"0":0,"1":0,"2":0},"f":{"0":0},"b":{}}
,"/Users/tataurova/Documents/GitHub/910411-six-cities-4/src/components/app/app.jsx": {"path":"/Users/tataurova/Documents/GitHub/910411-six-cities-4/src/components/app/app.jsx","statementMap":{"0":{"start":{"line":5,"column":26},"end":{"line":5,"column":34}},"1":{"start":{"line":7,"column":12},"end":{"line":13,"column":1}},"2":{"start":{"line":8,"column":2},"end":{"line":12,"column":5}},"3":{"start":{"line":17,"column":0},"end":{"line":20,"column":2}}},"fnMap":{"0":{"name":"(anonymous_0)","decl":{"start":{"line":5,"column":26},"end":{"line":5,"column":27}},"loc":{"start":{"line":5,"column":32},"end":{"line":5,"column":34}},"line":5},"1":{"name":"(anonymous_1)","decl":{"start":{"line":7,"column":12},"end":{"line":7,"column":13}},"loc":{"start":{"line":7,"column":38},"end":{"line":13,"column":1}},"line":7}},"branchMap":{},"s":{"0":1,"1":1,"2":1,"3":1},"f":{"0":0,"1":1},"b":{},"_coverageSchema":"1a1c01bbd47fc00a2c39e90264f33305004495a9","hash":"0c36bf175894b110e277e81b4468bd7fbe626337"}
,"/Users/tataurova/Documents/GitHub/910411-six-cities-4/src/components/main/main.jsx": {"path":"/Users/tataurova/Documents/GitHub/910411-six-cities-4/src/components/main/main.jsx","statementMap":{"0":{"start":{"line":5,"column":13},"end":{"line":118,"column":1}},"1":{"start":{"line":6,"column":2},"end":{"line":117,"column":4}},"2":{"start":{"line":122,"column":0},"end":{"line":126,"column":2}}},"fnMap":{"0":{"name":"(anonymous_0)","decl":{"start":{"line":5,"column":13},"end":{"line":5,"column":14}},"loc":{"start":{"line":5,"column":58},"end":{"line":118,"column":1}},"line":5}},"branchMap":{},"s":{"0":3,"1":3,"2":3},"f":{"0":3},"b":{},"_coverageSchema":"1a1c01bbd47fc00a2c39e90264f33305004495a9","hash":"a2e12dfda1e0159c0fd3c6644de3db7297588849"}
,"/Users/tataurova/Documents/GitHub/910411-six-cities-4/src/components/place-card/place-card.jsx": {"path":"/Users/tataurova/Documents/GitHub/910411-six-cities-4/src/components/place-card/place-card.jsx","statementMap":{"0":{"start":{"line":6,"column":4},"end":{"line":6,"column":17}},"1":{"start":{"line":7,"column":4},"end":{"line":7,"column":53}},"2":{"start":{"line":11,"column":4},"end":{"line":11,"column":44}},"3":{"start":{"line":15,"column":56},"end":{"line":15,"column":72}},"4":{"start":{"line":16,"column":32},"end":{"line":16,"column":60}},"5":{"start":{"line":17,"column":19},"end":{"line":17,"column":25}},"6":{"start":{"line":18,"column":4},"end":{"line":54,"column":6}},"7":{"start":{"line":59,"column":0},"end":{"line":71,"column":2}}},"fnMap":{"0":{"name":"(anonymous_0)","decl":{"start":{"line":5,"column":2},"end":{"line":5,"column":3}},"loc":{"start":{"line":5,"column":21},"end":{"line":8,"column":3}},"line":5},"1":{"name":"(anonymous_1)","decl":{"start":{"line":10,"column":2},"end":{"line":10,"column":3}},"loc":{"start":{"line":10,"column":17},"end":{"line":12,"column":3}},"line":10},"2":{"name":"(anonymous_2)","decl":{"start":{"line":14,"column":2},"end":{"line":14,"column":3}},"loc":{"start":{"line":14,"column":11},"end":{"line":55,"column":3}},"line":14}},"branchMap":{"0":{"loc":{"start":{"line":21,"column":17},"end":{"line":21,"column":41}},"type":"cond-expr","locations":[{"start":{"line":21,"column":27},"end":{"line":21,"column":36}},{"start":{"line":21,"column":39},"end":{"line":21,"column":41}}],"line":21}},"s":{"0":14,"1":14,"2":1,"3":14,"4":14,"5":14,"6":14,"7":6},"f":{"0":14,"1":1,"2":14},"b":{"0":[8,6]},"_coverageSchema":"1a1c01bbd47fc00a2c39e90264f33305004495a9","hash":"3c78b5e610efd9013e43034a74ca995b597e59ff"}
,"/Users/tataurova/Documents/GitHub/910411-six-cities-4/src/components/place-list/place-list.js": {"path":"/Users/tataurova/Documents/GitHub/910411-six-cities-4/src/components/place-list/place-list.js","statementMap":{"0":{"start":{"line":7,"column":4},"end":{"line":7,"column":17}},"1":{"start":{"line":8,"column":4},"end":{"line":8,"column":73}},"2":{"start":{"line":9,"column":4},"end":{"line":9,"column":28}},"3":{"start":{"line":13,"column":4},"end":{"line":13,"column":30}},"4":{"start":{"line":17,"column":40},"end":{"line":17,"column":50}},"5":{"start":{"line":18,"column":4},"end":{"line":28,"column":6}},"6":{"start":{"line":21,"column":10},"end":{"line":25,"column":52}},"7":{"start":{"line":32,"column":0},"end":{"line":35,"column":2}}},"fnMap":{"0":{"name":"(anonymous_0)","decl":{"start":{"line":6,"column":2},"end":{"line":6,"column":3}},"loc":{"start":{"line":6,"column":21},"end":{"line":10,"column":3}},"line":6},"1":{"name":"(anonymous_1)","decl":{"start":{"line":12,"column":2},"end":{"line":12,"column":3}},"loc":{"start":{"line":12,"column":29},"end":{"line":14,"column":3}},"line":12},"2":{"name":"(anonymous_2)","decl":{"start":{"line":16,"column":2},"end":{"line":16,"column":3}},"loc":{"start":{"line":16,"column":11},"end":{"line":29,"column":3}},"line":16},"3":{"name":"(anonymous_3)","decl":{"start":{"line":20,"column":20},"end":{"line":20,"column":21}},"loc":{"start":{"line":21,"column":10},"end":{"line":25,"column":52}},"line":21}},"branchMap":{},"s":{"0":3,"1":3,"2":3,"3":0,"4":3,"5":3,"6":12,"7":4},"f":{"0":3,"1":0,"2":3,"3":12},"b":{},"_coverageSchema":"1a1c01bbd47fc00a2c39e90264f33305004495a9","hash":"2e4d0b98c3a542c38ac33b2714642568847961ef"}
,"/Users/tataurova/Documents/GitHub/910411-six-cities-4/src/mocks/offers.js": {"path":"/Users/tataurova/Documents/GitHub/910411-six-cities-4/src/mocks/offers.js","statementMap":{},"fnMap":{},"branchMap":{},"s":{},"f":{},"b":{},"_coverageSchema":"1a1c01bbd47fc00a2c39e90264f33305004495a9","hash":"80d87de25d422ebae2dbe3455976ed8ea80acbcd"}
}
