{"/Users/tataurova/Documents/GitHub/910411-six-cities-4/src/const.js": {"path":"/Users/tataurova/Documents/GitHub/910411-six-cities-4/src/const.js","statementMap":{"0":{"start":{"line":1,"column":28},"end":{"line":1,"column":31}},"1":{"start":{"line":3,"column":27},"end":{"line":9,"column":1}}},"fnMap":{},"branchMap":{},"s":{"0":3,"1":3},"f":{},"b":{},"_coverageSchema":"1a1c01bbd47fc00a2c39e90264f33305004495a9","hash":"3b15c14c88a431eecdd59b2cfa007997b4f18887"}
,"/Users/tataurova/Documents/GitHub/910411-six-cities-4/src/index.js": {"path":"/Users/tataurova/Documents/GitHub/910411-six-cities-4/src/index.js","statementMap":{"0":{"start":{"line":6,"column":13},"end":{"line":14,"column":1}},"1":{"start":{"line":7,"column":2},"end":{"line":13,"column":4}},"2":{"start":{"line":16,"column":0},"end":{"line":16,"column":7}}},"fnMap":{"0":{"name":"(anonymous_0)","decl":{"start":{"line":6,"column":13},"end":{"line":6,"column":14}},"loc":{"start":{"line":6,"column":19},"end":{"line":14,"column":1}},"line":6}},"branchMap":{},"s":{"0":0,"1":0,"2":0},"f":{"0":0},"b":{}}
,"/Users/tataurova/Documents/GitHub/910411-six-cities-4/src/components/app/app.jsx": {"path":"/Users/tataurova/Documents/GitHub/910411-six-cities-4/src/components/app/app.jsx","statementMap":{"0":{"start":{"line":5,"column":26},"end":{"line":6,"column":1}},"1":{"start":{"line":8,"column":12},"end":{"line":14,"column":1}},"2":{"start":{"line":9,"column":2},"end":{"line":13,"column":5}},"3":{"start":{"line":18,"column":0},"end":{"line":21,"column":2}}},"fnMap":{"0":{"name":"(anonymous_0)","decl":{"start":{"line":5,"column":26},"end":{"line":5,"column":27}},"loc":{"start":{"line":5,"column":32},"end":{"line":6,"column":1}},"line":5},"1":{"name":"(anonymous_1)","decl":{"start":{"line":8,"column":12},"end":{"line":8,"column":13}},"loc":{"start":{"line":8,"column":43},"end":{"line":14,"column":1}},"line":8}},"branchMap":{},"s":{"0":1,"1":1,"2":1,"3":1},"f":{"0":0,"1":1},"b":{},"_coverageSchema":"1a1c01bbd47fc00a2c39e90264f33305004495a9","hash":"084cd9b2a9f2d7531cba61969a2bb16fe438f463"}
,"/Users/tataurova/Documents/GitHub/910411-six-cities-4/src/components/main/main.jsx": {"path":"/Users/tataurova/Documents/GitHub/910411-six-cities-4/src/components/main/main.jsx","statementMap":{"0":{"start":{"line":4,"column":13},"end":{"line":153,"column":1}},"1":{"start":{"line":5,"column":2},"end":{"line":152,"column":4}},"2":{"start":{"line":106,"column":20},"end":{"line":140,"column":30}},"3":{"start":{"line":157,"column":0},"end":{"line":161,"column":2}}},"fnMap":{"0":{"name":"(anonymous_0)","decl":{"start":{"line":4,"column":13},"end":{"line":4,"column":14}},"loc":{"start":{"line":4,"column":63},"end":{"line":153,"column":1}},"line":4},"1":{"name":"(anonymous_1)","decl":{"start":{"line":105,"column":34},"end":{"line":105,"column":35}},"loc":{"start":{"line":106,"column":20},"end":{"line":140,"column":30}},"line":106}},"branchMap":{},"s":{"0":3,"1":3,"2":15,"3":3},"f":{"0":3,"1":15},"b":{},"_coverageSchema":"1a1c01bbd47fc00a2c39e90264f33305004495a9","hash":"ffe6b76940bb5d8b7ed30f67d83244a8a3421aef"}
}
