TN:
SF:src/const.js
FNF:0
FNH:0
DA:1,3
LF:1
LH:1
BRF:0
BRH:0
end_of_record
TN:
SF:src/index.js
FN:7,(anonymous_0)
FNF:1
FNH:0
FNDA:0,(anonymous_0)
DA:7,0
DA:8,0
DA:17,0
LF:3
LH:0
BRF:0
BRH:0
end_of_record
TN:
SF:src/components/app/app.jsx
FN:5,(anonymous_0)
FN:7,(anonymous_1)
FNF:2
FNH:1
FNDA:0,(anonymous_0)
FNDA:1,(anonymous_1)
DA:5,1
DA:7,1
DA:8,1
DA:17,1
LF:4
LH:4
BRF:0
BRH:0
end_of_record
TN:
SF:src/components/main/main.jsx
FN:5,(anonymous_0)
FNF:1
FNH:1
FNDA:3,(anonymous_0)
DA:5,3
DA:6,3
DA:122,3
LF:3
LH:3
BRF:0
BRH:0
end_of_record
TN:
SF:src/components/place-card/place-card.jsx
FN:5,(anonymous_0)
FN:10,(anonymous_1)
FN:14,(anonymous_2)
FNF:3
FNH:3
FNDA:14,(anonymous_0)
FNDA:1,(anonymous_1)
FNDA:14,(anonymous_2)
DA:6,14
DA:7,14
DA:11,1
DA:15,14
DA:16,14
DA:17,14
DA:18,14
DA:59,6
LF:8
LH:8
BRDA:21,0,0,8
BRDA:21,0,1,6
BRF:2
BRH:2
end_of_record
TN:
SF:src/components/place-list/place-list.js
FN:6,(anonymous_0)
FN:12,(anonymous_1)
FN:16,(anonymous_2)
FN:20,(anonymous_3)
FNF:4
FNH:3
FNDA:3,(anonymous_0)
FNDA:0,(anonymous_1)
FNDA:3,(anonymous_2)
FNDA:12,(anonymous_3)
DA:7,3
DA:8,3
DA:9,3
DA:13,0
DA:17,3
DA:18,3
DA:21,12
DA:32,4
LF:8
LH:7
BRF:0
BRH:0
end_of_record
TN:
SF:src/mocks/offers.js
FNF:0
FNH:0
LF:0
LH:0
BRF:0
BRH:0
end_of_record
