TN:
SF:src/const.js
FNF:0
FNH:0
DA:1,3
DA:3,3
LF:2
LH:2
BRF:0
BRH:0
end_of_record
TN:
SF:src/index.js
FN:6,(anonymous_0)
FNF:1
FNH:0
FNDA:0,(anonymous_0)
DA:6,0
DA:7,0
DA:16,0
LF:3
LH:0
BRF:0
BRH:0
end_of_record
TN:
SF:src/components/app/app.jsx
FN:5,(anonymous_0)
FN:8,(anonymous_1)
FNF:2
FNH:1
FNDA:0,(anonymous_0)
FNDA:1,(anonymous_1)
DA:5,1
DA:8,1
DA:9,1
DA:18,1
LF:4
LH:4
BRF:0
BRH:0
end_of_record
TN:
SF:src/components/main/main.jsx
FN:4,(anonymous_0)
FN:105,(anonymous_1)
FNF:2
FNH:2
FNDA:3,(anonymous_0)
FNDA:15,(anonymous_1)
DA:4,3
DA:5,3
DA:106,15
DA:157,3
LF:4
LH:4
BRF:0
BRH:0
end_of_record
